{
  "RSpec": {
    "coverage": {
      "/Users/lucasdobbins/Documents/Lucas:Ludere/Spectrum Cranes/Website/V3 Rails/product/config/environment.rb": [
        null,
        1,
        null,
        null,
        1
      ],
      "/Users/lucasdobbins/Documents/Lucas:Ludere/Spectrum Cranes/Website/V3 Rails/product/config/application.rb": [
        1,
        null,
        1,
        null,
        1,
        null,
        1,
        null,
        null,
        null,
        null,
        1,
        1,
        null,
        null,
        null,
        null,
        null,
        null,
        null,
        null,
        null,
        null,
        null,
        null,
        null,
        null,
        null,
        null,
        null,
        null,
        null,
        null,
        null,
        null,
        null,
        1,
        null,
        null,
        1,
        null,
        null,
        1,
        null,
        null,
        1,
        null,
        1,
        null,
        null
      ],
      "/Users/lucasdobbins/Documents/Lucas:Ludere/Spectrum Cranes/Website/V3 Rails/product/config/boot.rb": [
        1,
        null,
        null,
        1,
        null,
        1
      ],
      "/Users/lucasdobbins/Documents/Lucas:Ludere/Spectrum Cranes/Website/V3 Rails/product/config/environments/test.rb": [
        1,
        null,
        null,
        null,
        null,
        null,
        null,
        1,
        null,
        null,
        1,
        1,
        null,
        null,
        1,
        null,
        null,
        1,
        1,
        null,
        null,
        1,
        null,
        null,
        1,
        null,
        null,
        null,
        null,
        1,
        null,
        null,
        null,
        null,
        null,
        null,
        null,
        1,
        null
      ],
      "/Users/lucasdobbins/Documents/Lucas:Ludere/Spectrum Cranes/Website/V3 Rails/product/config/initializers/backtrace_silencers.rb": [
        null,
        null,
        null,
        null,
        null,
        null,
        null
      ],
      "/Users/lucasdobbins/Documents/Lucas:Ludere/Spectrum Cranes/Website/V3 Rails/product/config/initializers/contact_us.rb": [
        null,
        1,
        null,
        null,
        null,
        null,
        null,
        null,
        1,
        null,
        null,
        1,
        null,
        null,
        null,
        null,
        1,
        null,
        null,
        1,
        null,
        null
      ],
      "/Users/lucasdobbins/Documents/Lucas:Ludere/Spectrum Cranes/Website/V3 Rails/product/config/initializers/formtastic.rb": [
        null,
        null,
        1,
        null,
        null,
        null,
        null,
        null,
        null,
        null,
        null,
        null,
        null,
        null,
        null,
        null,
        null,
        null,
        null,
        null,
        null,
        null,
        null,
        null,
        null,
        null,
        null,
        null,
        null,
        null,
        null,
        null,
        null,
        null,
        null,
        null,
        null,
        null,
        null,
        null,
        null,
        null,
        null,
        null,
        null,
        null,
        null,
        null,
        null,
        null,
        null,
        null,
        null,
        null,
        null,
        null,
        null,
        null,
        null,
        null,
        null,
        null,
        null,
        null,
        null,
        null,
        null,
        null,
        null,
        null,
        null,
        null,
        null,
        null,
        null,
        null,
        null,
        null,
        null,
        null,
        null,
        null,
        null,
        null,
        null
      ],
      "/Users/lucasdobbins/Documents/Lucas:Ludere/Spectrum Cranes/Website/V3 Rails/product/config/initializers/inflections.rb": [
        null,
        null,
        null,
        null,
        null,
        null,
        null,
        null,
        null,
        null
      ],
      "/Users/lucasdobbins/Documents/Lucas:Ludere/Spectrum Cranes/Website/V3 Rails/product/config/initializers/mime_types.rb": [
        null,
        null,
        null,
        null,
        null
      ],
      "/Users/lucasdobbins/Documents/Lucas:Ludere/Spectrum Cranes/Website/V3 Rails/product/config/initializers/secret_token.rb": [
        null,
        null,
        null,
        null,
        null,
        null,
        1
      ],
      "/Users/lucasdobbins/Documents/Lucas:Ludere/Spectrum Cranes/Website/V3 Rails/product/config/initializers/session_store.rb": [
        null,
        null,
        1,
        null,
        null,
        null,
        null,
        null
      ],
      "/Users/lucasdobbins/Documents/Lucas:Ludere/Spectrum Cranes/Website/V3 Rails/product/config/initializers/wrap_parameters.rb": [
        null,
        null,
        null,
        null,
        null,
        null,
        1,
        1,
        null,
        null,
        null,
        1,
        1,
        null
      ],
      "/Users/lucasdobbins/Documents/Lucas:Ludere/Spectrum Cranes/Website/V3 Rails/product/app/controllers/application_controller.rb": [
        1,
        1,
        null,
        1,
        null,
        1,
        0,
        null,
        null,
        1,
        0,
        null,
        null,
        null
      ],
      "/Users/lucasdobbins/Documents/Lucas:Ludere/Spectrum Cranes/Website/V3 Rails/product/app/helpers/application_helper.rb": [
        1,
        null,
        1,
        null,
        1,
        0,
        null,
        null,
        1,
        0,
        0,
        null,
        0,
        null,
        null,
        null,
        1,
        0,
        0,
        null,
        0,
        null,
        null,
        null,
        1,
        0,
        null,
        null,
        1,
        0,
        null,
        null,
        null,
        null
      ],
      "/Users/lucasdobbins/Documents/Lucas:Ludere/Spectrum Cranes/Website/V3 Rails/product/app/helpers/pages_helper.rb": [
        1,
        null
      ],
      "/Users/lucasdobbins/Documents/Lucas:Ludere/Spectrum Cranes/Website/V3 Rails/product/app/helpers/products_helper.rb": [
        1,
        null
      ],
      "/Users/lucasdobbins/Documents/Lucas:Ludere/Spectrum Cranes/Website/V3 Rails/product/app/helpers/products/images_helper.rb": [
        1,
        null
      ],
      "/Users/lucasdobbins/Documents/Lucas:Ludere/Spectrum Cranes/Website/V3 Rails/product/app/helpers/products/specs_helper.rb": [
        1,
        null
      ],
      "/Users/lucasdobbins/Documents/Lucas:Ludere/Spectrum Cranes/Website/V3 Rails/product/app/helpers/products_search_helper.rb": [
        1,
        null
      ],
      "/Users/lucasdobbins/Documents/Lucas:Ludere/Spectrum Cranes/Website/V3 Rails/product/app/helpers/sessions_helper.rb": [
        1,
        null
      ],
      "/Users/lucasdobbins/Documents/Lucas:Ludere/Spectrum Cranes/Website/V3 Rails/product/app/helpers/users_helper.rb": [
        1,
        null
      ],
      "/Users/lucasdobbins/Documents/Lucas:Ludere/Spectrum Cranes/Website/V3 Rails/product/app/controllers/pages_controller.rb": [
        1,
        1,
        null,
        null,
        1,
        null,
        null,
        1,
        null,
        null,
        1,
        null,
        null,
        null
      ],
      "/Users/lucasdobbins/Documents/Lucas:Ludere/Spectrum Cranes/Website/V3 Rails/product/app/controllers/products/image_controller.rb": [
        1,
        1,
        0,
        0,
        0,
        0,
        null,
        0,
        null,
        0,
        null,
        null
      ],
      "/Users/lucasdobbins/Documents/Lucas:Ludere/Spectrum Cranes/Website/V3 Rails/product/app/controllers/products/specs_controller.rb": [
        1,
        1,
        null,
        1,
        0,
        null,
        null,
        1,
        0,
        0,
        0,
        null,
        0,
        null,
        null,
        null,
        1,
        1,
        0,
        null,
        null,
        null
      ],
      "/Users/lucasdobbins/Documents/Lucas:Ludere/Spectrum Cranes/Website/V3 Rails/product/app/models/spec.rb": [
        1,
        1,
        null,
        1,
        null,
        1,
        0,
        null,
        null
      ],
      "/Users/lucasdobbins/Documents/Lucas:Ludere/Spectrum Cranes/Website/V3 Rails/product/app/controllers/products_controller.rb": [
        1,
        1,
        1,
        null,
        1,
        0,
        null,
        null,
        1,
        0,
        null,
        null,
        1,
        0,
        null,
        null,
        1,
        0,
        0,
        0,
        null,
        0,
        0,
        null,
        null,
        null,
        1,
        0,
        0,
        0,
        null,
        0,
        0,
        null,
        null,
        null,
        1,
        0,
        0,
        0,
        null,
        0,
        null,
        null,
        0,
        null,
        null,
        1,
        null,
        1,
        0,
        null,
        null,
        null
      ],
      "/Users/lucasdobbins/Documents/Lucas:Ludere/Spectrum Cranes/Website/V3 Rails/product/app/models/product.rb": [
        1,
        1,
        1,
        1,
        null,
        1,
        null,
        1,
        null,
        1,
        null,
        null,
        null,
        null,
        null,
        null,
        null,
        null,
        1,
        null,
        null,
        null,
        null,
        1,
        null,
        null,
        null
      ],
      "/Users/lucasdobbins/Documents/Lucas:Ludere/Spectrum Cranes/Website/V3 Rails/product/app/controllers/shared/navigation_methods.rb": [
        1,
        1,
        null,
        1,
        null,
        1,
        0,
        null,
        null,
        1,
        0,
        null,
        null,
        null,
        null
      ],
      "/Users/lucasdobbins/Documents/Lucas:Ludere/Spectrum Cranes/Website/V3 Rails/product/app/controllers/products_search_controller.rb": [
        1,
        1,
        null,
        1,
        0,
        0,
        0,
        null,
        0,
        null,
        null,
        null,
        1,
        0,
        0,
        0,
        null,
        0,
        null,
        null,
        null,
        null,
        1,
        null,
        1,
        0,
        null,
        null,
        1,
        0,
        null,
        null,
        null
      ],
      "/Users/lucasdobbins/Documents/Lucas:Ludere/Spectrum Cranes/Website/V3 Rails/product/app/controllers/sessions_controller.rb": [
        1,
        1,
        null,
        null,
        1,
        0,
        0,
        0,
        0,
        null,
        0,
        0,
        null,
        null,
        null,
        1,
        0,
        0,
        null,
        null
      ],
      "/Users/lucasdobbins/Documents/Lucas:Ludere/Spectrum Cranes/Website/V3 Rails/product/app/controllers/users_controller.rb": [
        1,
        null,
        1,
        null,
        null,
        1,
        0,
        null,
        null,
        1,
        0,
        0,
        0,
        null,
        0,
        null,
        null,
        null
      ],
      "/Users/lucasdobbins/Documents/Lucas:Ludere/Spectrum Cranes/Website/V3 Rails/product/app/models/user.rb": [
        1,
        1,
        1,
        null,
        1,
        0,
        null,
        null,
        null
      ],
      "/Users/lucasdobbins/Documents/Lucas:Ludere/Spectrum Cranes/Website/V3 Rails/product/app/models/category.rb": [
        1,
        1,
        1,
        null,
        1,
        2,
        null,
        null,
        null
      ],
      "/Users/lucasdobbins/Documents/Lucas:Ludere/Spectrum Cranes/Website/V3 Rails/product/app/models/sub_category.rb": [
        1,
        1,
        1,
        null
      ],
      "/Users/lucasdobbins/Documents/Lucas:Ludere/Spectrum Cranes/Website/V3 Rails/product/config/routes.rb": [
        1,
        null,
        1,
        1,
        null,
        1,
        null,
        1,
        1,
        1,
        null,
        null,
        null,
        1,
        null,
        1,
        1,
        null,
        1,
        1,
        1,
        null,
        null,
        1,
        1,
        null,
        null,
        null
      ]
    },
    "timestamp": 1332411954
  },
  "/tmp/textmate-command-28442.rb ": {
    "coverage": {
      "/Users/lucasdobbins/Documents/Lucas:Ludere/Spectrum Cranes/Website/V2 rails/product/config/environment.rb": [
        null,
        1,
        null,
        null,
        1
      ],
      "/Users/lucasdobbins/Documents/Lucas:Ludere/Spectrum Cranes/Website/V2 rails/product/config/application.rb": [
        1,
        null,
        1,
        null,
        1,
        null,
        1,
        null,
        null,
        null,
        null,
        1,
        1,
        null,
        null,
        null,
        null,
        null,
        null,
        null,
        null,
        null,
        null,
        null,
        null,
        null,
        null,
        null,
        null,
        null,
        null,
        null,
        null,
        null,
        null,
        null,
        1,
        null,
        null,
        1,
        null,
        null,
        1,
        null,
        null,
        1,
        null,
        null
      ],
      "/Users/lucasdobbins/Documents/Lucas:Ludere/Spectrum Cranes/Website/V2 rails/product/config/boot.rb": [
        1,
        null,
        null,
        1,
        null,
        1
      ],
      "/Users/lucasdobbins/Documents/Lucas:Ludere/Spectrum Cranes/Website/V2 rails/product/config/environments/test.rb": [
        1,
        null,
        null,
        null,
        null,
        null,
        null,
        1,
        null,
        null,
        1,
        1,
        null,
        null,
        1,
        null,
        null,
        1,
        1,
        null,
        null,
        1,
        null,
        null,
        1,
        null,
        null,
        null,
        null,
        1,
        null,
        null,
        null,
        null,
        null,
        null,
        null,
        1,
        null
      ],
      "/Users/lucasdobbins/Documents/Lucas:Ludere/Spectrum Cranes/Website/V2 rails/product/config/initializers/backtrace_silencers.rb": [
        null,
        null,
        null,
        null,
        null,
        null,
        null
      ],
      "/Users/lucasdobbins/Documents/Lucas:Ludere/Spectrum Cranes/Website/V2 rails/product/config/initializers/formtastic.rb": [
        null,
        null,
        null,
        null,
        null,
        null,
        null,
        null,
        null,
        null,
        null,
        null,
        null,
        null,
        null,
        null,
        null,
        null,
        null,
        null,
        null,
        null,
        null,
        null,
        null,
        null,
        null,
        null,
        null,
        null,
        null,
        null,
        null,
        null,
        null,
        null,
        null,
        null,
        null,
        null,
        null,
        null,
        null,
        null,
        null,
        null,
        null,
        null,
        null,
        null,
        null,
        null,
        null,
        null,
        null,
        null,
        null,
        null,
        null,
        null,
        null,
        null,
        null,
        null,
        null,
        null,
        null,
        null,
        null,
        null,
        null,
        null,
        null,
        null,
        null,
        null,
        null,
        null,
        null,
        null,
        null,
        null
      ],
      "/Users/lucasdobbins/Documents/Lucas:Ludere/Spectrum Cranes/Website/V2 rails/product/config/initializers/inflections.rb": [
        null,
        null,
        null,
        null,
        null,
        null,
        null,
        null,
        null,
        null
      ],
      "/Users/lucasdobbins/Documents/Lucas:Ludere/Spectrum Cranes/Website/V2 rails/product/config/initializers/mime_types.rb": [
        null,
        null,
        null,
        null,
        null
      ],
      "/Users/lucasdobbins/Documents/Lucas:Ludere/Spectrum Cranes/Website/V2 rails/product/config/initializers/secret_token.rb": [
        null,
        null,
        null,
        null,
        null,
        null,
        1
      ],
      "/Users/lucasdobbins/Documents/Lucas:Ludere/Spectrum Cranes/Website/V2 rails/product/config/initializers/session_store.rb": [
        null,
        null,
        1,
        null,
        null,
        null,
        null,
        null
      ],
      "/Users/lucasdobbins/Documents/Lucas:Ludere/Spectrum Cranes/Website/V2 rails/product/config/initializers/wrap_parameters.rb": [
        null,
        null,
        null,
        null,
        null,
        null,
        1,
        1,
        null,
        null,
        null,
        1,
        1,
        null
      ],
      "/Users/lucasdobbins/Documents/Lucas:Ludere/Spectrum Cranes/Website/V2 rails/product/app/controllers/application_controller.rb": [
        1,
        1,
        null,
        1,
        null,
        1,
        0,
        null,
        null,
        1,
        0,
        null,
        null,
        null
      ],
      "/Users/lucasdobbins/Documents/Lucas:Ludere/Spectrum Cranes/Website/V2 rails/product/app/helpers/application_helper.rb": [
        1,
        null,
        1,
        null,
        1,
        0,
        null,
        null,
        1,
        0,
        0,
        null,
        0,
        null,
        null,
        null,
        1,
        0,
        0,
        null,
        0,
        null,
        null,
        null,
        1,
        0,
        null,
        null,
        1,
        0,
        null,
        null
      ],
      "/Users/lucasdobbins/Documents/Lucas:Ludere/Spectrum Cranes/Website/V2 rails/product/app/helpers/pages_helper.rb": [
        1,
        null
      ],
      "/Users/lucasdobbins/Documents/Lucas:Ludere/Spectrum Cranes/Website/V2 rails/product/app/helpers/products_helper.rb": [
        1,
        null
      ],
      "/Users/lucasdobbins/Documents/Lucas:Ludere/Spectrum Cranes/Website/V2 rails/product/app/helpers/products/images_helper.rb": [
        1,
        null
      ],
      "/Users/lucasdobbins/Documents/Lucas:Ludere/Spectrum Cranes/Website/V2 rails/product/app/helpers/products/specs_helper.rb": [
        1,
        null
      ],
      "/Users/lucasdobbins/Documents/Lucas:Ludere/Spectrum Cranes/Website/V2 rails/product/app/helpers/products_search_helper.rb": [
        1,
        null
      ],
      "/Users/lucasdobbins/Documents/Lucas:Ludere/Spectrum Cranes/Website/V2 rails/product/app/helpers/sessions_helper.rb": [
        1,
        null
      ],
      "/Users/lucasdobbins/Documents/Lucas:Ludere/Spectrum Cranes/Website/V2 rails/product/app/helpers/users_helper.rb": [
        1,
        null
      ],
      "/Users/lucasdobbins/Documents/Lucas:Ludere/Spectrum Cranes/Website/V2 rails/product/app/controllers/pages_controller.rb": [
        1,
        1,
        null,
        null,
        1,
        null,
        null,
        1,
        null,
        null,
        1,
        null,
        null,
        null
      ],
      "/Users/lucasdobbins/Documents/Lucas:Ludere/Spectrum Cranes/Website/V2 rails/product/app/controllers/products/image_controller.rb": [
        1,
        1,
        0,
        0,
        0,
        0,
        null,
        0,
        null,
        0,
        null,
        null
      ],
      "/Users/lucasdobbins/Documents/Lucas:Ludere/Spectrum Cranes/Website/V2 rails/product/app/controllers/products/specs_controller.rb": [
        1,
        1,
        null,
        1,
        0,
        null,
        null,
        1,
        0,
        0,
        0,
        null,
        0,
        null,
        null,
        null,
        1,
        1,
        0,
        null,
        null,
        null
      ],
      "/Users/lucasdobbins/Documents/Lucas:Ludere/Spectrum Cranes/Website/V2 rails/product/app/models/spec.rb": [
        1,
        1,
        null,
        1,
        null
      ],
      "/Users/lucasdobbins/Documents/Lucas:Ludere/Spectrum Cranes/Website/V2 rails/product/app/controllers/products_controller.rb": [
        1,
        null,
        1,
        1,
        1,
        null,
        null,
        1,
        1,
        null,
        null,
        1,
        3,
        null,
        null,
        1,
        4,
        4,
        2,
        null,
        2,
        2,
        null,
        null,
        null,
        1,
        7,
        7,
        5,
        null,
        2,
        2,
        null,
        null,
        null,
        1,
        null,
        1,
        7,
        null,
        null,
        null
      ],
      "/Users/lucasdobbins/Documents/Lucas:Ludere/Spectrum Cranes/Website/V2 rails/product/app/models/product.rb": [
        1,
        1,
        1,
        1,
        null,
        1,
        null,
        1,
        null,
        null,
        null,
        null,
        1,
        null,
        1,
        null,
        null,
        null
      ],
      "/Users/lucasdobbins/Documents/Lucas:Ludere/Spectrum Cranes/Website/V2 rails/product/app/controllers/products_search_controller.rb": [
        1,
        1,
        null,
        1,
        0,
        0,
        null,
        null,
        1,
        0,
        0,
        null,
        null,
        1,
        1,
        0,
        null,
        null,
        null
      ],
      "/Users/lucasdobbins/Documents/Lucas:Ludere/Spectrum Cranes/Website/V2 rails/product/app/controllers/sessions_controller.rb": [
        1,
        1,
        null,
        null,
        1,
        0,
        0,
        0,
        0,
        null,
        0,
        0,
        null,
        null,
        null,
        1,
        0,
        0,
        null,
        null
      ],
      "/Users/lucasdobbins/Documents/Lucas:Ludere/Spectrum Cranes/Website/V2 rails/product/app/controllers/users_controller.rb": [
        1,
        null,
        1,
        null,
        null,
        1,
        0,
        null,
        null,
        1,
        0,
        0,
        0,
        null,
        0,
        null,
        null,
        null
      ],
      "/Users/lucasdobbins/Documents/Lucas:Ludere/Spectrum Cranes/Website/V2 rails/product/app/models/user.rb": [
        1,
        1,
        1,
        null,
        1,
        0,
        null,
        null,
        null
      ],
      "/Users/lucasdobbins/Documents/Lucas:Ludere/Spectrum Cranes/Website/V2 rails/product/app/models/category.rb": [
        1,
        1,
        1,
        null
      ],
      "/Users/lucasdobbins/Documents/Lucas:Ludere/Spectrum Cranes/Website/V2 rails/product/app/models/sub_category.rb": [
        1,
        1,
        1,
        null
      ],
      "/Users/lucasdobbins/Documents/Lucas:Ludere/Spectrum Cranes/Website/V2 rails/product/config/routes.rb": [
        1,
        null,
        1,
        1,
        null,
        1,
        null,
        1,
        1,
        1,
        1,
        null,
        1,
        null,
        1,
        1,
        null,
        1,
        1,
        1,
        null,
        null,
        1,
        1,
        null,
        null
      ]
    },
    "timestamp": 1329300666
  },
  "/tmp/textmate-command-28519.rb ": {
    "coverage": {
      "/Users/lucasdobbins/Documents/Lucas:Ludere/Spectrum Cranes/Website/V2 rails/product/config/environment.rb": [
        null,
        1,
        null,
        null,
        1
      ],
      "/Users/lucasdobbins/Documents/Lucas:Ludere/Spectrum Cranes/Website/V2 rails/product/config/application.rb": [
        1,
        null,
        1,
        null,
        1,
        null,
        1,
        null,
        null,
        null,
        null,
        1,
        1,
        null,
        null,
        null,
        null,
        null,
        null,
        null,
        null,
        null,
        null,
        null,
        null,
        null,
        null,
        null,
        null,
        null,
        null,
        null,
        null,
        null,
        null,
        null,
        1,
        null,
        null,
        1,
        null,
        null,
        1,
        null,
        null,
        1,
        null,
        null
      ],
      "/Users/lucasdobbins/Documents/Lucas:Ludere/Spectrum Cranes/Website/V2 rails/product/config/boot.rb": [
        1,
        null,
        null,
        1,
        null,
        1
      ],
      "/Users/lucasdobbins/Documents/Lucas:Ludere/Spectrum Cranes/Website/V2 rails/product/config/environments/test.rb": [
        1,
        null,
        null,
        null,
        null,
        null,
        null,
        1,
        null,
        null,
        1,
        1,
        null,
        null,
        1,
        null,
        null,
        1,
        1,
        null,
        null,
        1,
        null,
        null,
        1,
        null,
        null,
        null,
        null,
        1,
        null,
        null,
        null,
        null,
        null,
        null,
        null,
        1,
        null
      ],
      "/Users/lucasdobbins/Documents/Lucas:Ludere/Spectrum Cranes/Website/V2 rails/product/config/initializers/backtrace_silencers.rb": [
        null,
        null,
        null,
        null,
        null,
        null,
        null
      ],
      "/Users/lucasdobbins/Documents/Lucas:Ludere/Spectrum Cranes/Website/V2 rails/product/config/initializers/formtastic.rb": [
        null,
        null,
        null,
        null,
        null,
        null,
        null,
        null,
        null,
        null,
        null,
        null,
        null,
        null,
        null,
        null,
        null,
        null,
        null,
        null,
        null,
        null,
        null,
        null,
        null,
        null,
        null,
        null,
        null,
        null,
        null,
        null,
        null,
        null,
        null,
        null,
        null,
        null,
        null,
        null,
        null,
        null,
        null,
        null,
        null,
        null,
        null,
        null,
        null,
        null,
        null,
        null,
        null,
        null,
        null,
        null,
        null,
        null,
        null,
        null,
        null,
        null,
        null,
        null,
        null,
        null,
        null,
        null,
        null,
        null,
        null,
        null,
        null,
        null,
        null,
        null,
        null,
        null,
        null,
        null,
        null,
        null
      ],
      "/Users/lucasdobbins/Documents/Lucas:Ludere/Spectrum Cranes/Website/V2 rails/product/config/initializers/inflections.rb": [
        null,
        null,
        null,
        null,
        null,
        null,
        null,
        null,
        null,
        null
      ],
      "/Users/lucasdobbins/Documents/Lucas:Ludere/Spectrum Cranes/Website/V2 rails/product/config/initializers/mime_types.rb": [
        null,
        null,
        null,
        null,
        null
      ],
      "/Users/lucasdobbins/Documents/Lucas:Ludere/Spectrum Cranes/Website/V2 rails/product/config/initializers/secret_token.rb": [
        null,
        null,
        null,
        null,
        null,
        null,
        1
      ],
      "/Users/lucasdobbins/Documents/Lucas:Ludere/Spectrum Cranes/Website/V2 rails/product/config/initializers/session_store.rb": [
        null,
        null,
        1,
        null,
        null,
        null,
        null,
        null
      ],
      "/Users/lucasdobbins/Documents/Lucas:Ludere/Spectrum Cranes/Website/V2 rails/product/config/initializers/wrap_parameters.rb": [
        null,
        null,
        null,
        null,
        null,
        null,
        1,
        1,
        null,
        null,
        null,
        1,
        1,
        null
      ],
      "/Users/lucasdobbins/Documents/Lucas:Ludere/Spectrum Cranes/Website/V2 rails/product/app/controllers/application_controller.rb": [
        1,
        1,
        null,
        1,
        null,
        1,
        0,
        null,
        null,
        1,
        0,
        null,
        null,
        null
      ],
      "/Users/lucasdobbins/Documents/Lucas:Ludere/Spectrum Cranes/Website/V2 rails/product/app/helpers/application_helper.rb": [
        1,
        null,
        1,
        null,
        1,
        0,
        null,
        null,
        1,
        0,
        0,
        null,
        0,
        null,
        null,
        null,
        1,
        0,
        0,
        null,
        0,
        null,
        null,
        null,
        1,
        0,
        null,
        null,
        1,
        0,
        null,
        null
      ],
      "/Users/lucasdobbins/Documents/Lucas:Ludere/Spectrum Cranes/Website/V2 rails/product/app/helpers/pages_helper.rb": [
        1,
        null
      ],
      "/Users/lucasdobbins/Documents/Lucas:Ludere/Spectrum Cranes/Website/V2 rails/product/app/helpers/products_helper.rb": [
        1,
        null
      ],
      "/Users/lucasdobbins/Documents/Lucas:Ludere/Spectrum Cranes/Website/V2 rails/product/app/helpers/products/images_helper.rb": [
        1,
        null
      ],
      "/Users/lucasdobbins/Documents/Lucas:Ludere/Spectrum Cranes/Website/V2 rails/product/app/helpers/products/specs_helper.rb": [
        1,
        null
      ],
      "/Users/lucasdobbins/Documents/Lucas:Ludere/Spectrum Cranes/Website/V2 rails/product/app/helpers/products_search_helper.rb": [
        1,
        null
      ],
      "/Users/lucasdobbins/Documents/Lucas:Ludere/Spectrum Cranes/Website/V2 rails/product/app/helpers/sessions_helper.rb": [
        1,
        null
      ],
      "/Users/lucasdobbins/Documents/Lucas:Ludere/Spectrum Cranes/Website/V2 rails/product/app/helpers/users_helper.rb": [
        1,
        null
      ],
      "/Users/lucasdobbins/Documents/Lucas:Ludere/Spectrum Cranes/Website/V2 rails/product/app/controllers/pages_controller.rb": [
        1,
        1,
        null,
        null,
        1,
        null,
        null,
        1,
        null,
        null,
        1,
        null,
        null,
        null
      ],
      "/Users/lucasdobbins/Documents/Lucas:Ludere/Spectrum Cranes/Website/V2 rails/product/app/controllers/products/image_controller.rb": [
        1,
        1,
        0,
        0,
        0,
        0,
        null,
        0,
        null,
        0,
        null,
        null
      ],
      "/Users/lucasdobbins/Documents/Lucas:Ludere/Spectrum Cranes/Website/V2 rails/product/app/controllers/products/specs_controller.rb": [
        1,
        1,
        null,
        1,
        0,
        null,
        null,
        1,
        0,
        0,
        0,
        null,
        0,
        null,
        null,
        null,
        1,
        1,
        0,
        null,
        null,
        null
      ],
      "/Users/lucasdobbins/Documents/Lucas:Ludere/Spectrum Cranes/Website/V2 rails/product/app/models/spec.rb": [
        1,
        1,
        null,
        1,
        null
      ],
      "/Users/lucasdobbins/Documents/Lucas:Ludere/Spectrum Cranes/Website/V2 rails/product/app/controllers/products_controller.rb": [
        1,
        null,
        1,
        1,
        1,
        null,
        null,
        1,
        1,
        null,
        null,
        1,
        3,
        null,
        null,
        1,
        4,
        4,
        2,
        null,
        2,
        2,
        null,
        null,
        null,
        1,
        7,
        7,
        5,
        null,
        2,
        2,
        null,
        null,
        null,
        1,
        null,
        null,
        null,
        1,
        null,
        1,
        7,
        null,
        null,
        null
      ],
      "/Users/lucasdobbins/Documents/Lucas:Ludere/Spectrum Cranes/Website/V2 rails/product/app/models/product.rb": [
        1,
        1,
        1,
        1,
        null,
        1,
        null,
        1,
        null,
        null,
        null,
        null,
        1,
        null,
        1,
        null,
        null,
        null
      ],
      "/Users/lucasdobbins/Documents/Lucas:Ludere/Spectrum Cranes/Website/V2 rails/product/app/controllers/products_search_controller.rb": [
        1,
        1,
        null,
        1,
        0,
        0,
        null,
        null,
        1,
        0,
        0,
        null,
        null,
        1,
        1,
        0,
        null,
        null,
        null
      ],
      "/Users/lucasdobbins/Documents/Lucas:Ludere/Spectrum Cranes/Website/V2 rails/product/app/controllers/sessions_controller.rb": [
        1,
        1,
        null,
        null,
        1,
        0,
        0,
        0,
        0,
        null,
        0,
        0,
        null,
        null,
        null,
        1,
        0,
        0,
        null,
        null
      ],
      "/Users/lucasdobbins/Documents/Lucas:Ludere/Spectrum Cranes/Website/V2 rails/product/app/controllers/users_controller.rb": [
        1,
        null,
        1,
        null,
        null,
        1,
        0,
        null,
        null,
        1,
        0,
        0,
        0,
        null,
        0,
        null,
        null,
        null
      ],
      "/Users/lucasdobbins/Documents/Lucas:Ludere/Spectrum Cranes/Website/V2 rails/product/app/models/user.rb": [
        1,
        1,
        1,
        null,
        1,
        0,
        null,
        null,
        null
      ],
      "/Users/lucasdobbins/Documents/Lucas:Ludere/Spectrum Cranes/Website/V2 rails/product/app/models/category.rb": [
        1,
        1,
        1,
        null
      ],
      "/Users/lucasdobbins/Documents/Lucas:Ludere/Spectrum Cranes/Website/V2 rails/product/app/models/sub_category.rb": [
        1,
        1,
        1,
        null
      ],
      "/Users/lucasdobbins/Documents/Lucas:Ludere/Spectrum Cranes/Website/V2 rails/product/config/routes.rb": [
        1,
        null,
        1,
        1,
        null,
        1,
        null,
        1,
        1,
        1,
        1,
        null,
        1,
        null,
        1,
        1,
        null,
        1,
        1,
        1,
        null,
        null,
        1,
        1,
        null,
        null
      ]
    },
    "timestamp": 1329300718
  },
  "/tmp/textmate-command-28633.rb ": {
    "coverage": {
      "/Users/lucasdobbins/Documents/Lucas:Ludere/Spectrum Cranes/Website/V2 rails/product/config/environment.rb": [
        null,
        1,
        null,
        null,
        1
      ],
      "/Users/lucasdobbins/Documents/Lucas:Ludere/Spectrum Cranes/Website/V2 rails/product/config/application.rb": [
        1,
        null,
        1,
        null,
        1,
        null,
        1,
        null,
        null,
        null,
        null,
        1,
        1,
        null,
        null,
        null,
        null,
        null,
        null,
        null,
        null,
        null,
        null,
        null,
        null,
        null,
        null,
        null,
        null,
        null,
        null,
        null,
        null,
        null,
        null,
        null,
        1,
        null,
        null,
        1,
        null,
        null,
        1,
        null,
        null,
        1,
        null,
        null
      ],
      "/Users/lucasdobbins/Documents/Lucas:Ludere/Spectrum Cranes/Website/V2 rails/product/config/boot.rb": [
        1,
        null,
        null,
        1,
        null,
        1
      ],
      "/Users/lucasdobbins/Documents/Lucas:Ludere/Spectrum Cranes/Website/V2 rails/product/config/environments/test.rb": [
        1,
        null,
        null,
        null,
        null,
        null,
        null,
        1,
        null,
        null,
        1,
        1,
        null,
        null,
        1,
        null,
        null,
        1,
        1,
        null,
        null,
        1,
        null,
        null,
        1,
        null,
        null,
        null,
        null,
        1,
        null,
        null,
        null,
        null,
        null,
        null,
        null,
        1,
        null
      ],
      "/Users/lucasdobbins/Documents/Lucas:Ludere/Spectrum Cranes/Website/V2 rails/product/config/initializers/backtrace_silencers.rb": [
        null,
        null,
        null,
        null,
        null,
        null,
        null
      ],
      "/Users/lucasdobbins/Documents/Lucas:Ludere/Spectrum Cranes/Website/V2 rails/product/config/initializers/formtastic.rb": [
        null,
        null,
        null,
        null,
        null,
        null,
        null,
        null,
        null,
        null,
        null,
        null,
        null,
        null,
        null,
        null,
        null,
        null,
        null,
        null,
        null,
        null,
        null,
        null,
        null,
        null,
        null,
        null,
        null,
        null,
        null,
        null,
        null,
        null,
        null,
        null,
        null,
        null,
        null,
        null,
        null,
        null,
        null,
        null,
        null,
        null,
        null,
        null,
        null,
        null,
        null,
        null,
        null,
        null,
        null,
        null,
        null,
        null,
        null,
        null,
        null,
        null,
        null,
        null,
        null,
        null,
        null,
        null,
        null,
        null,
        null,
        null,
        null,
        null,
        null,
        null,
        null,
        null,
        null,
        null,
        null,
        null
      ],
      "/Users/lucasdobbins/Documents/Lucas:Ludere/Spectrum Cranes/Website/V2 rails/product/config/initializers/inflections.rb": [
        null,
        null,
        null,
        null,
        null,
        null,
        null,
        null,
        null,
        null
      ],
      "/Users/lucasdobbins/Documents/Lucas:Ludere/Spectrum Cranes/Website/V2 rails/product/config/initializers/mime_types.rb": [
        null,
        null,
        null,
        null,
        null
      ],
      "/Users/lucasdobbins/Documents/Lucas:Ludere/Spectrum Cranes/Website/V2 rails/product/config/initializers/secret_token.rb": [
        null,
        null,
        null,
        null,
        null,
        null,
        1
      ],
      "/Users/lucasdobbins/Documents/Lucas:Ludere/Spectrum Cranes/Website/V2 rails/product/config/initializers/session_store.rb": [
        null,
        null,
        1,
        null,
        null,
        null,
        null,
        null
      ],
      "/Users/lucasdobbins/Documents/Lucas:Ludere/Spectrum Cranes/Website/V2 rails/product/config/initializers/wrap_parameters.rb": [
        null,
        null,
        null,
        null,
        null,
        null,
        1,
        1,
        null,
        null,
        null,
        1,
        1,
        null
      ],
      "/Users/lucasdobbins/Documents/Lucas:Ludere/Spectrum Cranes/Website/V2 rails/product/app/controllers/application_controller.rb": [
        1,
        1,
        null,
        1,
        null,
        1,
        0,
        null,
        null,
        1,
        0,
        null,
        null,
        null
      ],
      "/Users/lucasdobbins/Documents/Lucas:Ludere/Spectrum Cranes/Website/V2 rails/product/app/helpers/application_helper.rb": [
        1,
        null,
        1,
        null,
        1,
        0,
        null,
        null,
        1,
        0,
        0,
        null,
        0,
        null,
        null,
        null,
        1,
        0,
        0,
        null,
        0,
        null,
        null,
        null,
        1,
        0,
        null,
        null,
        1,
        0,
        null,
        null
      ],
      "/Users/lucasdobbins/Documents/Lucas:Ludere/Spectrum Cranes/Website/V2 rails/product/app/helpers/pages_helper.rb": [
        1,
        null
      ],
      "/Users/lucasdobbins/Documents/Lucas:Ludere/Spectrum Cranes/Website/V2 rails/product/app/helpers/products_helper.rb": [
        1,
        null
      ],
      "/Users/lucasdobbins/Documents/Lucas:Ludere/Spectrum Cranes/Website/V2 rails/product/app/helpers/products/images_helper.rb": [
        1,
        null
      ],
      "/Users/lucasdobbins/Documents/Lucas:Ludere/Spectrum Cranes/Website/V2 rails/product/app/helpers/products/specs_helper.rb": [
        1,
        null
      ],
      "/Users/lucasdobbins/Documents/Lucas:Ludere/Spectrum Cranes/Website/V2 rails/product/app/helpers/products_search_helper.rb": [
        1,
        null
      ],
      "/Users/lucasdobbins/Documents/Lucas:Ludere/Spectrum Cranes/Website/V2 rails/product/app/helpers/sessions_helper.rb": [
        1,
        null
      ],
      "/Users/lucasdobbins/Documents/Lucas:Ludere/Spectrum Cranes/Website/V2 rails/product/app/helpers/users_helper.rb": [
        1,
        null
      ],
      "/Users/lucasdobbins/Documents/Lucas:Ludere/Spectrum Cranes/Website/V2 rails/product/app/controllers/pages_controller.rb": [
        1,
        1,
        null,
        null,
        1,
        null,
        null,
        1,
        null,
        null,
        1,
        null,
        null,
        null
      ],
      "/Users/lucasdobbins/Documents/Lucas:Ludere/Spectrum Cranes/Website/V2 rails/product/app/controllers/products/image_controller.rb": [
        1,
        1,
        0,
        0,
        0,
        0,
        null,
        0,
        null,
        0,
        null,
        null
      ],
      "/Users/lucasdobbins/Documents/Lucas:Ludere/Spectrum Cranes/Website/V2 rails/product/app/controllers/products/specs_controller.rb": [
        1,
        1,
        null,
        1,
        0,
        null,
        null,
        1,
        0,
        0,
        0,
        null,
        0,
        null,
        null,
        null,
        1,
        1,
        0,
        null,
        null,
        null
      ],
      "/Users/lucasdobbins/Documents/Lucas:Ludere/Spectrum Cranes/Website/V2 rails/product/app/models/spec.rb": [
        1,
        1,
        null,
        1,
        null
      ],
      "/Users/lucasdobbins/Documents/Lucas:Ludere/Spectrum Cranes/Website/V2 rails/product/app/controllers/products_controller.rb": [
        1,
        null,
        1,
        1,
        1,
        null,
        null,
        1,
        1,
        null,
        null,
        1,
        3,
        null,
        null,
        1,
        4,
        4,
        2,
        null,
        2,
        2,
        null,
        null,
        null,
        1,
        7,
        7,
        5,
        null,
        2,
        2,
        null,
        null,
        null,
        1,
        1,
        null,
        null,
        1,
        null,
        1,
        7,
        null,
        null,
        null
      ],
      "/Users/lucasdobbins/Documents/Lucas:Ludere/Spectrum Cranes/Website/V2 rails/product/app/models/product.rb": [
        1,
        1,
        1,
        1,
        null,
        1,
        null,
        1,
        null,
        null,
        null,
        null,
        1,
        null,
        1,
        null,
        null,
        null
      ],
      "/Users/lucasdobbins/Documents/Lucas:Ludere/Spectrum Cranes/Website/V2 rails/product/app/controllers/products_search_controller.rb": [
        1,
        1,
        null,
        1,
        0,
        0,
        null,
        null,
        1,
        0,
        0,
        null,
        null,
        1,
        1,
        0,
        null,
        null,
        null
      ],
      "/Users/lucasdobbins/Documents/Lucas:Ludere/Spectrum Cranes/Website/V2 rails/product/app/controllers/sessions_controller.rb": [
        1,
        1,
        null,
        null,
        1,
        0,
        0,
        0,
        0,
        null,
        0,
        0,
        null,
        null,
        null,
        1,
        0,
        0,
        null,
        null
      ],
      "/Users/lucasdobbins/Documents/Lucas:Ludere/Spectrum Cranes/Website/V2 rails/product/app/controllers/users_controller.rb": [
        1,
        null,
        1,
        null,
        null,
        1,
        0,
        null,
        null,
        1,
        0,
        0,
        0,
        null,
        0,
        null,
        null,
        null
      ],
      "/Users/lucasdobbins/Documents/Lucas:Ludere/Spectrum Cranes/Website/V2 rails/product/app/models/user.rb": [
        1,
        1,
        1,
        null,
        1,
        0,
        null,
        null,
        null
      ],
      "/Users/lucasdobbins/Documents/Lucas:Ludere/Spectrum Cranes/Website/V2 rails/product/app/models/category.rb": [
        1,
        1,
        1,
        null
      ],
      "/Users/lucasdobbins/Documents/Lucas:Ludere/Spectrum Cranes/Website/V2 rails/product/app/models/sub_category.rb": [
        1,
        1,
        1,
        null
      ],
      "/Users/lucasdobbins/Documents/Lucas:Ludere/Spectrum Cranes/Website/V2 rails/product/config/routes.rb": [
        1,
        null,
        1,
        1,
        null,
        1,
        null,
        1,
        1,
        1,
        1,
        null,
        1,
        null,
        1,
        1,
        null,
        1,
        1,
        1,
        null,
        null,
        1,
        1,
        null,
        null
      ]
    },
    "timestamp": 1329300818
  },
  "/tmp/textmate-command-28777.rb ": {
    "coverage": {
      "/Users/lucasdobbins/Documents/Lucas:Ludere/Spectrum Cranes/Website/V2 rails/product/config/environment.rb": [
        null,
        1,
        null,
        null,
        1
      ],
      "/Users/lucasdobbins/Documents/Lucas:Ludere/Spectrum Cranes/Website/V2 rails/product/config/application.rb": [
        1,
        null,
        1,
        null,
        1,
        null,
        1,
        null,
        null,
        null,
        null,
        1,
        1,
        null,
        null,
        null,
        null,
        null,
        null,
        null,
        null,
        null,
        null,
        null,
        null,
        null,
        null,
        null,
        null,
        null,
        null,
        null,
        null,
        null,
        null,
        null,
        1,
        null,
        null,
        1,
        null,
        null,
        1,
        null,
        null,
        1,
        null,
        null
      ],
      "/Users/lucasdobbins/Documents/Lucas:Ludere/Spectrum Cranes/Website/V2 rails/product/config/boot.rb": [
        1,
        null,
        null,
        1,
        null,
        1
      ],
      "/Users/lucasdobbins/Documents/Lucas:Ludere/Spectrum Cranes/Website/V2 rails/product/config/environments/test.rb": [
        1,
        null,
        null,
        null,
        null,
        null,
        null,
        1,
        null,
        null,
        1,
        1,
        null,
        null,
        1,
        null,
        null,
        1,
        1,
        null,
        null,
        1,
        null,
        null,
        1,
        null,
        null,
        null,
        null,
        1,
        null,
        null,
        null,
        null,
        null,
        null,
        null,
        1,
        null
      ],
      "/Users/lucasdobbins/Documents/Lucas:Ludere/Spectrum Cranes/Website/V2 rails/product/config/initializers/backtrace_silencers.rb": [
        null,
        null,
        null,
        null,
        null,
        null,
        null
      ],
      "/Users/lucasdobbins/Documents/Lucas:Ludere/Spectrum Cranes/Website/V2 rails/product/config/initializers/formtastic.rb": [
        null,
        null,
        null,
        null,
        null,
        null,
        null,
        null,
        null,
        null,
        null,
        null,
        null,
        null,
        null,
        null,
        null,
        null,
        null,
        null,
        null,
        null,
        null,
        null,
        null,
        null,
        null,
        null,
        null,
        null,
        null,
        null,
        null,
        null,
        null,
        null,
        null,
        null,
        null,
        null,
        null,
        null,
        null,
        null,
        null,
        null,
        null,
        null,
        null,
        null,
        null,
        null,
        null,
        null,
        null,
        null,
        null,
        null,
        null,
        null,
        null,
        null,
        null,
        null,
        null,
        null,
        null,
        null,
        null,
        null,
        null,
        null,
        null,
        null,
        null,
        null,
        null,
        null,
        null,
        null,
        null,
        null
      ],
      "/Users/lucasdobbins/Documents/Lucas:Ludere/Spectrum Cranes/Website/V2 rails/product/config/initializers/inflections.rb": [
        null,
        null,
        null,
        null,
        null,
        null,
        null,
        null,
        null,
        null
      ],
      "/Users/lucasdobbins/Documents/Lucas:Ludere/Spectrum Cranes/Website/V2 rails/product/config/initializers/mime_types.rb": [
        null,
        null,
        null,
        null,
        null
      ],
      "/Users/lucasdobbins/Documents/Lucas:Ludere/Spectrum Cranes/Website/V2 rails/product/config/initializers/secret_token.rb": [
        null,
        null,
        null,
        null,
        null,
        null,
        1
      ],
      "/Users/lucasdobbins/Documents/Lucas:Ludere/Spectrum Cranes/Website/V2 rails/product/config/initializers/session_store.rb": [
        null,
        null,
        1,
        null,
        null,
        null,
        null,
        null
      ],
      "/Users/lucasdobbins/Documents/Lucas:Ludere/Spectrum Cranes/Website/V2 rails/product/config/initializers/wrap_parameters.rb": [
        null,
        null,
        null,
        null,
        null,
        null,
        1,
        1,
        null,
        null,
        null,
        1,
        1,
        null
      ],
      "/Users/lucasdobbins/Documents/Lucas:Ludere/Spectrum Cranes/Website/V2 rails/product/app/controllers/application_controller.rb": [
        1,
        1,
        null,
        1,
        null,
        1,
        0,
        null,
        null,
        1,
        0,
        null,
        null,
        null
      ],
      "/Users/lucasdobbins/Documents/Lucas:Ludere/Spectrum Cranes/Website/V2 rails/product/app/helpers/application_helper.rb": [
        1,
        null,
        1,
        null,
        1,
        0,
        null,
        null,
        1,
        0,
        0,
        null,
        0,
        null,
        null,
        null,
        1,
        0,
        0,
        null,
        0,
        null,
        null,
        null,
        1,
        0,
        null,
        null,
        1,
        0,
        null,
        null
      ],
      "/Users/lucasdobbins/Documents/Lucas:Ludere/Spectrum Cranes/Website/V2 rails/product/app/helpers/pages_helper.rb": [
        1,
        null
      ],
      "/Users/lucasdobbins/Documents/Lucas:Ludere/Spectrum Cranes/Website/V2 rails/product/app/helpers/products_helper.rb": [
        1,
        null
      ],
      "/Users/lucasdobbins/Documents/Lucas:Ludere/Spectrum Cranes/Website/V2 rails/product/app/helpers/products/images_helper.rb": [
        1,
        null
      ],
      "/Users/lucasdobbins/Documents/Lucas:Ludere/Spectrum Cranes/Website/V2 rails/product/app/helpers/products/specs_helper.rb": [
        1,
        null
      ],
      "/Users/lucasdobbins/Documents/Lucas:Ludere/Spectrum Cranes/Website/V2 rails/product/app/helpers/products_search_helper.rb": [
        1,
        null
      ],
      "/Users/lucasdobbins/Documents/Lucas:Ludere/Spectrum Cranes/Website/V2 rails/product/app/helpers/sessions_helper.rb": [
        1,
        null
      ],
      "/Users/lucasdobbins/Documents/Lucas:Ludere/Spectrum Cranes/Website/V2 rails/product/app/helpers/users_helper.rb": [
        1,
        null
      ],
      "/Users/lucasdobbins/Documents/Lucas:Ludere/Spectrum Cranes/Website/V2 rails/product/app/controllers/pages_controller.rb": [
        1,
        1,
        null,
        null,
        1,
        null,
        null,
        1,
        null,
        null,
        1,
        null,
        null,
        null
      ],
      "/Users/lucasdobbins/Documents/Lucas:Ludere/Spectrum Cranes/Website/V2 rails/product/app/controllers/products/image_controller.rb": [
        1,
        1,
        0,
        0,
        0,
        0,
        null,
        0,
        null,
        0,
        null,
        null
      ],
      "/Users/lucasdobbins/Documents/Lucas:Ludere/Spectrum Cranes/Website/V2 rails/product/app/controllers/products/specs_controller.rb": [
        1,
        1,
        null,
        1,
        0,
        null,
        null,
        1,
        0,
        0,
        0,
        null,
        0,
        null,
        null,
        null,
        1,
        1,
        0,
        null,
        null,
        null
      ],
      "/Users/lucasdobbins/Documents/Lucas:Ludere/Spectrum Cranes/Website/V2 rails/product/app/models/spec.rb": [
        1,
        1,
        null,
        1,
        null
      ],
      "/Users/lucasdobbins/Documents/Lucas:Ludere/Spectrum Cranes/Website/V2 rails/product/app/controllers/products_controller.rb": [
        1,
        null,
        1,
        1,
        1,
        null,
        null,
        1,
        1,
        null,
        null,
        1,
        3,
        null,
        null,
        1,
        4,
        4,
        2,
        null,
        2,
        2,
        null,
        null,
        null,
        1,
        7,
        7,
        5,
        null,
        2,
        2,
        null,
        null,
        null,
        1,
        1,
        1,
        null,
        null,
        1,
        null,
        1,
        8,
        null,
        null,
        null
      ],
      "/Users/lucasdobbins/Documents/Lucas:Ludere/Spectrum Cranes/Website/V2 rails/product/app/models/product.rb": [
        1,
        1,
        1,
        1,
        null,
        1,
        null,
        1,
        null,
        null,
        null,
        null,
        1,
        null,
        1,
        null,
        null,
        null
      ],
      "/Users/lucasdobbins/Documents/Lucas:Ludere/Spectrum Cranes/Website/V2 rails/product/app/controllers/products_search_controller.rb": [
        1,
        1,
        null,
        1,
        0,
        0,
        null,
        null,
        1,
        0,
        0,
        null,
        null,
        1,
        1,
        0,
        null,
        null,
        null
      ],
      "/Users/lucasdobbins/Documents/Lucas:Ludere/Spectrum Cranes/Website/V2 rails/product/app/controllers/sessions_controller.rb": [
        1,
        1,
        null,
        null,
        1,
        0,
        0,
        0,
        0,
        null,
        0,
        0,
        null,
        null,
        null,
        1,
        0,
        0,
        null,
        null
      ],
      "/Users/lucasdobbins/Documents/Lucas:Ludere/Spectrum Cranes/Website/V2 rails/product/app/controllers/users_controller.rb": [
        1,
        null,
        1,
        null,
        null,
        1,
        0,
        null,
        null,
        1,
        0,
        0,
        0,
        null,
        0,
        null,
        null,
        null
      ],
      "/Users/lucasdobbins/Documents/Lucas:Ludere/Spectrum Cranes/Website/V2 rails/product/app/models/user.rb": [
        1,
        1,
        1,
        null,
        1,
        0,
        null,
        null,
        null
      ],
      "/Users/lucasdobbins/Documents/Lucas:Ludere/Spectrum Cranes/Website/V2 rails/product/app/models/category.rb": [
        1,
        1,
        1,
        null
      ],
      "/Users/lucasdobbins/Documents/Lucas:Ludere/Spectrum Cranes/Website/V2 rails/product/app/models/sub_category.rb": [
        1,
        1,
        1,
        null
      ],
      "/Users/lucasdobbins/Documents/Lucas:Ludere/Spectrum Cranes/Website/V2 rails/product/config/routes.rb": [
        1,
        null,
        1,
        1,
        null,
        1,
        null,
        1,
        1,
        1,
        1,
        null,
        1,
        null,
        1,
        1,
        null,
        1,
        1,
        1,
        null,
        null,
        1,
        1,
        null,
        null
      ]
    },
    "timestamp": 1329301012
  },
  "/tmp/textmate-command-28988.rb ": {
    "coverage": {
      "/Users/lucasdobbins/Documents/Lucas:Ludere/Spectrum Cranes/Website/V2 rails/product/config/environment.rb": [
        null,
        1,
        null,
        null,
        1
      ],
      "/Users/lucasdobbins/Documents/Lucas:Ludere/Spectrum Cranes/Website/V2 rails/product/config/application.rb": [
        1,
        null,
        1,
        null,
        1,
        null,
        1,
        null,
        null,
        null,
        null,
        1,
        1,
        null,
        null,
        null,
        null,
        null,
        null,
        null,
        null,
        null,
        null,
        null,
        null,
        null,
        null,
        null,
        null,
        null,
        null,
        null,
        null,
        null,
        null,
        null,
        1,
        null,
        null,
        1,
        null,
        null,
        1,
        null,
        null,
        1,
        null,
        null
      ],
      "/Users/lucasdobbins/Documents/Lucas:Ludere/Spectrum Cranes/Website/V2 rails/product/config/boot.rb": [
        1,
        null,
        null,
        1,
        null,
        1
      ],
      "/Users/lucasdobbins/Documents/Lucas:Ludere/Spectrum Cranes/Website/V2 rails/product/config/environments/test.rb": [
        1,
        null,
        null,
        null,
        null,
        null,
        null,
        1,
        null,
        null,
        1,
        1,
        null,
        null,
        1,
        null,
        null,
        1,
        1,
        null,
        null,
        1,
        null,
        null,
        1,
        null,
        null,
        null,
        null,
        1,
        null,
        null,
        null,
        null,
        null,
        null,
        null,
        1,
        null
      ],
      "/Users/lucasdobbins/Documents/Lucas:Ludere/Spectrum Cranes/Website/V2 rails/product/config/initializers/backtrace_silencers.rb": [
        null,
        null,
        null,
        null,
        null,
        null,
        null
      ],
      "/Users/lucasdobbins/Documents/Lucas:Ludere/Spectrum Cranes/Website/V2 rails/product/config/initializers/formtastic.rb": [
        null,
        null,
        null,
        null,
        null,
        null,
        null,
        null,
        null,
        null,
        null,
        null,
        null,
        null,
        null,
        null,
        null,
        null,
        null,
        null,
        null,
        null,
        null,
        null,
        null,
        null,
        null,
        null,
        null,
        null,
        null,
        null,
        null,
        null,
        null,
        null,
        null,
        null,
        null,
        null,
        null,
        null,
        null,
        null,
        null,
        null,
        null,
        null,
        null,
        null,
        null,
        null,
        null,
        null,
        null,
        null,
        null,
        null,
        null,
        null,
        null,
        null,
        null,
        null,
        null,
        null,
        null,
        null,
        null,
        null,
        null,
        null,
        null,
        null,
        null,
        null,
        null,
        null,
        null,
        null,
        null,
        null
      ],
      "/Users/lucasdobbins/Documents/Lucas:Ludere/Spectrum Cranes/Website/V2 rails/product/config/initializers/inflections.rb": [
        null,
        null,
        null,
        null,
        null,
        null,
        null,
        null,
        null,
        null
      ],
      "/Users/lucasdobbins/Documents/Lucas:Ludere/Spectrum Cranes/Website/V2 rails/product/config/initializers/mime_types.rb": [
        null,
        null,
        null,
        null,
        null
      ],
      "/Users/lucasdobbins/Documents/Lucas:Ludere/Spectrum Cranes/Website/V2 rails/product/config/initializers/secret_token.rb": [
        null,
        null,
        null,
        null,
        null,
        null,
        1
      ],
      "/Users/lucasdobbins/Documents/Lucas:Ludere/Spectrum Cranes/Website/V2 rails/product/config/initializers/session_store.rb": [
        null,
        null,
        1,
        null,
        null,
        null,
        null,
        null
      ],
      "/Users/lucasdobbins/Documents/Lucas:Ludere/Spectrum Cranes/Website/V2 rails/product/config/initializers/wrap_parameters.rb": [
        null,
        null,
        null,
        null,
        null,
        null,
        1,
        1,
        null,
        null,
        null,
        1,
        1,
        null
      ],
      "/Users/lucasdobbins/Documents/Lucas:Ludere/Spectrum Cranes/Website/V2 rails/product/app/controllers/application_controller.rb": [
        1,
        1,
        null,
        1,
        null,
        1,
        0,
        null,
        null,
        1,
        0,
        null,
        null,
        null
      ],
      "/Users/lucasdobbins/Documents/Lucas:Ludere/Spectrum Cranes/Website/V2 rails/product/app/helpers/application_helper.rb": [
        1,
        null,
        1,
        null,
        1,
        0,
        null,
        null,
        1,
        0,
        0,
        null,
        0,
        null,
        null,
        null,
        1,
        0,
        0,
        null,
        0,
        null,
        null,
        null,
        1,
        0,
        null,
        null,
        1,
        0,
        null,
        null
      ],
      "/Users/lucasdobbins/Documents/Lucas:Ludere/Spectrum Cranes/Website/V2 rails/product/app/helpers/pages_helper.rb": [
        1,
        null
      ],
      "/Users/lucasdobbins/Documents/Lucas:Ludere/Spectrum Cranes/Website/V2 rails/product/app/helpers/products_helper.rb": [
        1,
        null
      ],
      "/Users/lucasdobbins/Documents/Lucas:Ludere/Spectrum Cranes/Website/V2 rails/product/app/helpers/products/images_helper.rb": [
        1,
        null
      ],
      "/Users/lucasdobbins/Documents/Lucas:Ludere/Spectrum Cranes/Website/V2 rails/product/app/helpers/products/specs_helper.rb": [
        1,
        null
      ],
      "/Users/lucasdobbins/Documents/Lucas:Ludere/Spectrum Cranes/Website/V2 rails/product/app/helpers/products_search_helper.rb": [
        1,
        null
      ],
      "/Users/lucasdobbins/Documents/Lucas:Ludere/Spectrum Cranes/Website/V2 rails/product/app/helpers/sessions_helper.rb": [
        1,
        null
      ],
      "/Users/lucasdobbins/Documents/Lucas:Ludere/Spectrum Cranes/Website/V2 rails/product/app/helpers/users_helper.rb": [
        1,
        null
      ],
      "/Users/lucasdobbins/Documents/Lucas:Ludere/Spectrum Cranes/Website/V2 rails/product/app/controllers/pages_controller.rb": [
        1,
        1,
        null,
        null,
        1,
        null,
        null,
        1,
        null,
        null,
        1,
        null,
        null,
        null
      ],
      "/Users/lucasdobbins/Documents/Lucas:Ludere/Spectrum Cranes/Website/V2 rails/product/app/controllers/products/image_controller.rb": [
        1,
        1,
        0,
        0,
        0,
        0,
        null,
        0,
        null,
        0,
        null,
        null
      ],
      "/Users/lucasdobbins/Documents/Lucas:Ludere/Spectrum Cranes/Website/V2 rails/product/app/controllers/products/specs_controller.rb": [
        1,
        1,
        null,
        1,
        0,
        null,
        null,
        1,
        0,
        0,
        0,
        null,
        0,
        null,
        null,
        null,
        1,
        1,
        0,
        null,
        null,
        null
      ],
      "/Users/lucasdobbins/Documents/Lucas:Ludere/Spectrum Cranes/Website/V2 rails/product/app/models/spec.rb": [
        1,
        1,
        null,
        1,
        null
      ],
      "/Users/lucasdobbins/Documents/Lucas:Ludere/Spectrum Cranes/Website/V2 rails/product/app/controllers/products_controller.rb": [
        1,
        null,
        1,
        1,
        1,
        null,
        null,
        1,
        1,
        null,
        null,
        1,
        3,
        null,
        null,
        1,
        4,
        4,
        2,
        null,
        2,
        2,
        null,
        null,
        null,
        1,
        7,
        7,
        5,
        null,
        2,
        2,
        null,
        null,
        null,
        1,
        2,
        2,
        null,
        null,
        1,
        null,
        1,
        9,
        null,
        null,
        null
      ],
      "/Users/lucasdobbins/Documents/Lucas:Ludere/Spectrum Cranes/Website/V2 rails/product/app/models/product.rb": [
        1,
        1,
        1,
        1,
        null,
        1,
        null,
        1,
        null,
        null,
        null,
        null,
        1,
        null,
        1,
        null,
        null,
        null
      ],
      "/Users/lucasdobbins/Documents/Lucas:Ludere/Spectrum Cranes/Website/V2 rails/product/app/controllers/products_search_controller.rb": [
        1,
        1,
        null,
        1,
        0,
        0,
        null,
        null,
        1,
        0,
        0,
        null,
        null,
        1,
        1,
        0,
        null,
        null,
        null
      ],
      "/Users/lucasdobbins/Documents/Lucas:Ludere/Spectrum Cranes/Website/V2 rails/product/app/controllers/sessions_controller.rb": [
        1,
        1,
        null,
        null,
        1,
        0,
        0,
        0,
        0,
        null,
        0,
        0,
        null,
        null,
        null,
        1,
        0,
        0,
        null,
        null
      ],
      "/Users/lucasdobbins/Documents/Lucas:Ludere/Spectrum Cranes/Website/V2 rails/product/app/controllers/users_controller.rb": [
        1,
        null,
        1,
        null,
        null,
        1,
        0,
        null,
        null,
        1,
        0,
        0,
        0,
        null,
        0,
        null,
        null,
        null
      ],
      "/Users/lucasdobbins/Documents/Lucas:Ludere/Spectrum Cranes/Website/V2 rails/product/app/models/user.rb": [
        1,
        1,
        1,
        null,
        1,
        0,
        null,
        null,
        null
      ],
      "/Users/lucasdobbins/Documents/Lucas:Ludere/Spectrum Cranes/Website/V2 rails/product/app/models/category.rb": [
        1,
        1,
        1,
        null
      ],
      "/Users/lucasdobbins/Documents/Lucas:Ludere/Spectrum Cranes/Website/V2 rails/product/app/models/sub_category.rb": [
        1,
        1,
        1,
        null
      ],
      "/Users/lucasdobbins/Documents/Lucas:Ludere/Spectrum Cranes/Website/V2 rails/product/config/routes.rb": [
        1,
        null,
        1,
        1,
        null,
        1,
        null,
        1,
        1,
        1,
        1,
        null,
        1,
        null,
        1,
        1,
        null,
        1,
        1,
        1,
        null,
        null,
        1,
        1,
        null,
        null
      ]
    },
    "timestamp": 1329301288
  },
  "/tmp/textmate-command-29088.rb ": {
    "coverage": {
      "/Users/lucasdobbins/Documents/Lucas:Ludere/Spectrum Cranes/Website/V2 rails/product/config/environment.rb": [
        null,
        1,
        null,
        null,
        1
      ],
      "/Users/lucasdobbins/Documents/Lucas:Ludere/Spectrum Cranes/Website/V2 rails/product/config/application.rb": [
        1,
        null,
        1,
        null,
        1,
        null,
        1,
        null,
        null,
        null,
        null,
        1,
        1,
        null,
        null,
        null,
        null,
        null,
        null,
        null,
        null,
        null,
        null,
        null,
        null,
        null,
        null,
        null,
        null,
        null,
        null,
        null,
        null,
        null,
        null,
        null,
        1,
        null,
        null,
        1,
        null,
        null,
        1,
        null,
        null,
        1,
        null,
        null
      ],
      "/Users/lucasdobbins/Documents/Lucas:Ludere/Spectrum Cranes/Website/V2 rails/product/config/boot.rb": [
        1,
        null,
        null,
        1,
        null,
        1
      ],
      "/Users/lucasdobbins/Documents/Lucas:Ludere/Spectrum Cranes/Website/V2 rails/product/config/environments/test.rb": [
        1,
        null,
        null,
        null,
        null,
        null,
        null,
        1,
        null,
        null,
        1,
        1,
        null,
        null,
        1,
        null,
        null,
        1,
        1,
        null,
        null,
        1,
        null,
        null,
        1,
        null,
        null,
        null,
        null,
        1,
        null,
        null,
        null,
        null,
        null,
        null,
        null,
        1,
        null
      ],
      "/Users/lucasdobbins/Documents/Lucas:Ludere/Spectrum Cranes/Website/V2 rails/product/config/initializers/backtrace_silencers.rb": [
        null,
        null,
        null,
        null,
        null,
        null,
        null
      ],
      "/Users/lucasdobbins/Documents/Lucas:Ludere/Spectrum Cranes/Website/V2 rails/product/config/initializers/formtastic.rb": [
        null,
        null,
        null,
        null,
        null,
        null,
        null,
        null,
        null,
        null,
        null,
        null,
        null,
        null,
        null,
        null,
        null,
        null,
        null,
        null,
        null,
        null,
        null,
        null,
        null,
        null,
        null,
        null,
        null,
        null,
        null,
        null,
        null,
        null,
        null,
        null,
        null,
        null,
        null,
        null,
        null,
        null,
        null,
        null,
        null,
        null,
        null,
        null,
        null,
        null,
        null,
        null,
        null,
        null,
        null,
        null,
        null,
        null,
        null,
        null,
        null,
        null,
        null,
        null,
        null,
        null,
        null,
        null,
        null,
        null,
        null,
        null,
        null,
        null,
        null,
        null,
        null,
        null,
        null,
        null,
        null,
        null
      ],
      "/Users/lucasdobbins/Documents/Lucas:Ludere/Spectrum Cranes/Website/V2 rails/product/config/initializers/inflections.rb": [
        null,
        null,
        null,
        null,
        null,
        null,
        null,
        null,
        null,
        null
      ],
      "/Users/lucasdobbins/Documents/Lucas:Ludere/Spectrum Cranes/Website/V2 rails/product/config/initializers/mime_types.rb": [
        null,
        null,
        null,
        null,
        null
      ],
      "/Users/lucasdobbins/Documents/Lucas:Ludere/Spectrum Cranes/Website/V2 rails/product/config/initializers/secret_token.rb": [
        null,
        null,
        null,
        null,
        null,
        null,
        1
      ],
      "/Users/lucasdobbins/Documents/Lucas:Ludere/Spectrum Cranes/Website/V2 rails/product/config/initializers/session_store.rb": [
        null,
        null,
        1,
        null,
        null,
        null,
        null,
        null
      ],
      "/Users/lucasdobbins/Documents/Lucas:Ludere/Spectrum Cranes/Website/V2 rails/product/config/initializers/wrap_parameters.rb": [
        null,
        null,
        null,
        null,
        null,
        null,
        1,
        1,
        null,
        null,
        null,
        1,
        1,
        null
      ],
      "/Users/lucasdobbins/Documents/Lucas:Ludere/Spectrum Cranes/Website/V2 rails/product/app/controllers/application_controller.rb": [
        1,
        1,
        null,
        1,
        null,
        1,
        0,
        null,
        null,
        1,
        0,
        null,
        null,
        null
      ],
      "/Users/lucasdobbins/Documents/Lucas:Ludere/Spectrum Cranes/Website/V2 rails/product/app/helpers/application_helper.rb": [
        1,
        null,
        1,
        null,
        1,
        0,
        null,
        null,
        1,
        0,
        0,
        null,
        0,
        null,
        null,
        null,
        1,
        0,
        0,
        null,
        0,
        null,
        null,
        null,
        1,
        0,
        null,
        null,
        1,
        0,
        null,
        null
      ],
      "/Users/lucasdobbins/Documents/Lucas:Ludere/Spectrum Cranes/Website/V2 rails/product/app/helpers/pages_helper.rb": [
        1,
        null
      ],
      "/Users/lucasdobbins/Documents/Lucas:Ludere/Spectrum Cranes/Website/V2 rails/product/app/helpers/products_helper.rb": [
        1,
        null
      ],
      "/Users/lucasdobbins/Documents/Lucas:Ludere/Spectrum Cranes/Website/V2 rails/product/app/helpers/products/images_helper.rb": [
        1,
        null
      ],
      "/Users/lucasdobbins/Documents/Lucas:Ludere/Spectrum Cranes/Website/V2 rails/product/app/helpers/products/specs_helper.rb": [
        1,
        null
      ],
      "/Users/lucasdobbins/Documents/Lucas:Ludere/Spectrum Cranes/Website/V2 rails/product/app/helpers/products_search_helper.rb": [
        1,
        null
      ],
      "/Users/lucasdobbins/Documents/Lucas:Ludere/Spectrum Cranes/Website/V2 rails/product/app/helpers/sessions_helper.rb": [
        1,
        null
      ],
      "/Users/lucasdobbins/Documents/Lucas:Ludere/Spectrum Cranes/Website/V2 rails/product/app/helpers/users_helper.rb": [
        1,
        null
      ],
      "/Users/lucasdobbins/Documents/Lucas:Ludere/Spectrum Cranes/Website/V2 rails/product/app/controllers/pages_controller.rb": [
        1,
        1,
        null,
        null,
        1,
        null,
        null,
        1,
        null,
        null,
        1,
        null,
        null,
        null
      ],
      "/Users/lucasdobbins/Documents/Lucas:Ludere/Spectrum Cranes/Website/V2 rails/product/app/controllers/products/image_controller.rb": [
        1,
        1,
        0,
        0,
        0,
        0,
        null,
        0,
        null,
        0,
        null,
        null
      ],
      "/Users/lucasdobbins/Documents/Lucas:Ludere/Spectrum Cranes/Website/V2 rails/product/app/controllers/products/specs_controller.rb": [
        1,
        1,
        null,
        1,
        0,
        null,
        null,
        1,
        0,
        0,
        0,
        null,
        0,
        null,
        null,
        null,
        1,
        1,
        0,
        null,
        null,
        null
      ],
      "/Users/lucasdobbins/Documents/Lucas:Ludere/Spectrum Cranes/Website/V2 rails/product/app/models/spec.rb": [
        1,
        1,
        null,
        1,
        null
      ],
      "/Users/lucasdobbins/Documents/Lucas:Ludere/Spectrum Cranes/Website/V2 rails/product/app/controllers/products_controller.rb": [
        1,
        null,
        1,
        1,
        1,
        null,
        null,
        1,
        1,
        null,
        null,
        1,
        3,
        null,
        null,
        1,
        4,
        4,
        2,
        null,
        2,
        2,
        null,
        null,
        null,
        1,
        7,
        7,
        5,
        null,
        2,
        2,
        null,
        null,
        null,
        1,
        3,
        3,
        null,
        null,
        1,
        null,
        1,
        10,
        null,
        null,
        null
      ],
      "/Users/lucasdobbins/Documents/Lucas:Ludere/Spectrum Cranes/Website/V2 rails/product/app/models/product.rb": [
        1,
        1,
        1,
        1,
        null,
        1,
        null,
        1,
        null,
        null,
        null,
        null,
        1,
        null,
        1,
        null,
        null,
        null
      ],
      "/Users/lucasdobbins/Documents/Lucas:Ludere/Spectrum Cranes/Website/V2 rails/product/app/controllers/products_search_controller.rb": [
        1,
        1,
        null,
        1,
        0,
        0,
        null,
        null,
        1,
        0,
        0,
        null,
        null,
        1,
        1,
        0,
        null,
        null,
        null
      ],
      "/Users/lucasdobbins/Documents/Lucas:Ludere/Spectrum Cranes/Website/V2 rails/product/app/controllers/sessions_controller.rb": [
        1,
        1,
        null,
        null,
        1,
        0,
        0,
        0,
        0,
        null,
        0,
        0,
        null,
        null,
        null,
        1,
        0,
        0,
        null,
        null
      ],
      "/Users/lucasdobbins/Documents/Lucas:Ludere/Spectrum Cranes/Website/V2 rails/product/app/controllers/users_controller.rb": [
        1,
        null,
        1,
        null,
        null,
        1,
        0,
        null,
        null,
        1,
        0,
        0,
        0,
        null,
        0,
        null,
        null,
        null
      ],
      "/Users/lucasdobbins/Documents/Lucas:Ludere/Spectrum Cranes/Website/V2 rails/product/app/models/user.rb": [
        1,
        1,
        1,
        null,
        1,
        0,
        null,
        null,
        null
      ],
      "/Users/lucasdobbins/Documents/Lucas:Ludere/Spectrum Cranes/Website/V2 rails/product/app/models/category.rb": [
        1,
        1,
        1,
        null
      ],
      "/Users/lucasdobbins/Documents/Lucas:Ludere/Spectrum Cranes/Website/V2 rails/product/app/models/sub_category.rb": [
        1,
        1,
        1,
        null
      ],
      "/Users/lucasdobbins/Documents/Lucas:Ludere/Spectrum Cranes/Website/V2 rails/product/config/routes.rb": [
        1,
        null,
        1,
        1,
        null,
        1,
        null,
        1,
        1,
        1,
        1,
        null,
        1,
        null,
        1,
        1,
        null,
        1,
        1,
        1,
        null,
        null,
        1,
        1,
        null,
        null
      ]
    },
    "timestamp": 1329301607
  },
  "/tmp/textmate-command-29299.rb ": {
    "coverage": {
      "/Users/lucasdobbins/Documents/Lucas:Ludere/Spectrum Cranes/Website/V2 rails/product/config/environment.rb": [
        null,
        1,
        null,
        null,
        1
      ],
      "/Users/lucasdobbins/Documents/Lucas:Ludere/Spectrum Cranes/Website/V2 rails/product/config/application.rb": [
        1,
        null,
        1,
        null,
        1,
        null,
        1,
        null,
        null,
        null,
        null,
        1,
        1,
        null,
        null,
        null,
        null,
        null,
        null,
        null,
        null,
        null,
        null,
        null,
        null,
        null,
        null,
        null,
        null,
[...]
        1,
        1,
        null,
        null,
        null,
        1,
        1,
        null
      ],
      "/Users/lucasdobbins/Documents/Lucas:Ludere/Spectrum Cranes/Website/V3 Rails/product/app/controllers/application_controller.rb": [
        1,
        1,
        null,
        1,
        null,
        1,
        0,
        null,
        null,
        1,
        0,
        null,
        null,
        null
      ],
      "/Users/lucasdobbins/Documents/Lucas:Ludere/Spectrum Cranes/Website/V3 Rails/product/app/helpers/application_helper.rb": [
        1,
        null,
        1,
        null,
        1,
        0,
        null,
        null,
        1,
        0,
        0,
        null,
        0,
        null,
        null,
        null,
        1,
        0,
        0,
        null,
        0,
        null,
        null,
        null,
        1,
        0,
        null,
        null,
        1,
        0,
        null,
        null,
        null,
        null
      ],
      "/Users/lucasdobbins/Documents/Lucas:Ludere/Spectrum Cranes/Website/V3 Rails/product/app/helpers/pages_helper.rb": [
        1,
        null
      ],
      "/Users/lucasdobbins/Documents/Lucas:Ludere/Spectrum Cranes/Website/V3 Rails/product/app/helpers/products_helper.rb": [
        1,
        null
      ],
      "/Users/lucasdobbins/Documents/Lucas:Ludere/Spectrum Cranes/Website/V3 Rails/product/app/helpers/products/images_helper.rb": [
        1,
        null
      ],
      "/Users/lucasdobbins/Documents/Lucas:Ludere/Spectrum Cranes/Website/V3 Rails/product/app/helpers/products/specs_helper.rb": [
        1,
        null
      ],
      "/Users/lucasdobbins/Documents/Lucas:Ludere/Spectrum Cranes/Website/V3 Rails/product/app/helpers/products_search_helper.rb": [
        1,
        null
      ],
      "/Users/lucasdobbins/Documents/Lucas:Ludere/Spectrum Cranes/Website/V3 Rails/product/app/helpers/sessions_helper.rb": [
        1,
        null
      ],
      "/Users/lucasdobbins/Documents/Lucas:Ludere/Spectrum Cranes/Website/V3 Rails/product/app/helpers/users_helper.rb": [
        1,
        null
      ],
      "/Users/lucasdobbins/Documents/Lucas:Ludere/Spectrum Cranes/Website/V3 Rails/product/app/controllers/pages_controller.rb": [
        1,
        1,
        null,
        null,
        1,
        null,
        null,
        1,
        null,
        null,
        1,
        null,
        null,
        null
      ],
      "/Users/lucasdobbins/Documents/Lucas:Ludere/Spectrum Cranes/Website/V3 Rails/product/app/controllers/products/image_controller.rb": [
        1,
        1,
        0,
        0,
        0,
        0,
        null,
        0,
        null,
        0,
        null,
        null
      ],
      "/Users/lucasdobbins/Documents/Lucas:Ludere/Spectrum Cranes/Website/V3 Rails/product/app/controllers/products/specs_controller.rb": [
        1,
        1,
        null,
        1,
        0,
        null,
        null,
        1,
        0,
        0,
        0,
        null,
        0,
        null,
        null,
        null,
        1,
        1,
        0,
        null,
        null,
        null
      ],
      "/Users/lucasdobbins/Documents/Lucas:Ludere/Spectrum Cranes/Website/V3 Rails/product/app/models/spec.rb": [
        1,
        1,
        null,
        1,
        null,
        1,
        0,
        null,
        null
      ],
      "/Users/lucasdobbins/Documents/Lucas:Ludere/Spectrum Cranes/Website/V3 Rails/product/app/controllers/products_controller.rb": [
        1,
        1,
        1,
        null,
        1,
        0,
        null,
        null,
        1,
        0,
        null,
        null,
        1,
        0,
        null,
        null,
        1,
        0,
        0,
        0,
        null,
        0,
        0,
        null,
        null,
        null,
        1,
        0,
        0,
        0,
        null,
        0,
        0,
        null,
        null,
        null,
        1,
        0,
        0,
        0,
        null,
        0,
        null,
        null,
        0,
        null,
        null,
        1,
        null,
        1,
        0,
        null,
        null,
        null
      ],
      "/Users/lucasdobbins/Documents/Lucas:Ludere/Spectrum Cranes/Website/V3 Rails/product/app/models/product.rb": [
        1,
        1,
        1,
        1,
        null,
        1,
        null,
        1,
        null,
        1,
        null,
        null,
        null,
        null,
        null,
        null,
        null,
        null,
        1,
        null,
        null,
        null,
        null,
        1,
        null,
        null,
        null
      ],
      "/Users/lucasdobbins/Documents/Lucas:Ludere/Spectrum Cranes/Website/V3 Rails/product/app/controllers/shared/navigation_methods.rb": [
        1,
        1,
        null,
        1,
        null,
        1,
        0,
        null,
        null,
        1,
        0,
        null,
        null,
        null,
        null
      ],
      "/Users/lucasdobbins/Documents/Lucas:Ludere/Spectrum Cranes/Website/V3 Rails/product/app/controllers/products_search_controller.rb": [
        1,
        1,
        null,
        1,
        0,
        0,
        0,
        null,
        0,
        null,
        null,
        null,
        1,
        0,
        0,
        0,
        null,
        0,
        null,
        null,
        null,
        null,
        1,
        null,
        1,
        0,
        null,
        null,
        1,
        0,
        null,
        null,
        null
      ],
      "/Users/lucasdobbins/Documents/Lucas:Ludere/Spectrum Cranes/Website/V3 Rails/product/app/controllers/sessions_controller.rb": [
        1,
        1,
        null,
        null,
        1,
        0,
        0,
        0,
        0,
        null,
        0,
        0,
        null,
        null,
        null,
        1,
        0,
        0,
        null,
        null
      ],
      "/Users/lucasdobbins/Documents/Lucas:Ludere/Spectrum Cranes/Website/V3 Rails/product/app/controllers/users_controller.rb": [
        1,
        null,
        1,
        null,
        null,
        1,
        0,
        null,
        null,
        1,
        0,
        0,
        0,
        null,
        0,
        null,
        null,
        null
      ],
      "/Users/lucasdobbins/Documents/Lucas:Ludere/Spectrum Cranes/Website/V3 Rails/product/app/models/user.rb": [
        1,
        1,
        1,
        null,
        1,
        0,
        null,
        null,
        null
      ],
      "/Users/lucasdobbins/Documents/Lucas:Ludere/Spectrum Cranes/Website/V3 Rails/product/app/models/category.rb": [
        1,
        1,
        1,
        null,
        1,
        0,
        null,
        null,
        null
      ],
      "/Users/lucasdobbins/Documents/Lucas:Ludere/Spectrum Cranes/Website/V3 Rails/product/app/models/sub_category.rb": [
        1,
        1,
        1,
        null
      ],
      "/Users/lucasdobbins/Documents/Lucas:Ludere/Spectrum Cranes/Website/V3 Rails/product/config/routes.rb": [
        1,
        null,
        1,
        1,
        null,
        1,
        null,
        1,
        1,
        1,
        null,
        null,
        null,
        1,
        null,
        1,
        1,
        null,
        1,
        1,
        1,
        null,
        null,
        1,
        1,
        null,
        null,
        null
      ]
    },
    "timestamp": 1332412531
  },
  "/tmp/textmate-command-28171.rb ": {
    "coverage": {
      "/Users/lucasdobbins/Documents/Lucas:Ludere/Spectrum Cranes/Website/V3 Rails/product/config/environment.rb": [
        null,
        1,
        null,
        null,
        1
      ],
      "/Users/lucasdobbins/Documents/Lucas:Ludere/Spectrum Cranes/Website/V3 Rails/product/config/application.rb": [
        1,
        null,
        1,
        null,
        1,
        null,
        1,
        null,
        null,
        null,
        null,
        1,
        1,
        null,
        null,
        null,
        null,
        null,
        null,
        null,
        null,
        null,
        null,
        null,
        null,
        null,
        null,
        null,
        null,
        null,
        null,
        null,
        null,
        null,
        null,
        null,
        1,
        null,
        null,
        1,
        null,
        null,
        1,
        null,
        null,
        1,
        null,
        1,
        null,
        null
      ],
      "/Users/lucasdobbins/Documents/Lucas:Ludere/Spectrum Cranes/Website/V3 Rails/product/config/boot.rb": [
        1,
        null,
        null,
        1,
        null,
        1
      ],
      "/Users/lucasdobbins/Documents/Lucas:Ludere/Spectrum Cranes/Website/V3 Rails/product/config/environments/test.rb": [
        1,
        null,
        null,
        null,
        null,
        null,
        null,
        1,
        null,
        null,
        1,
        1,
        null,
        null,
        1,
        null,
        null,
        1,
        1,
        null,
        null,
        1,
        null,
        null,
        1,
        null,
        null,
        null,
        null,
        1,
        null,
        null,
        null,
        null,
        null,
        null,
        null,
        1,
        null
      ],
      "/Users/lucasdobbins/Documents/Lucas:Ludere/Spectrum Cranes/Website/V3 Rails/product/config/initializers/backtrace_silencers.rb": [
        null,
        null,
        null,
        null,
        null,
        null,
        null
      ],
      "/Users/lucasdobbins/Documents/Lucas:Ludere/Spectrum Cranes/Website/V3 Rails/product/config/initializers/contact_us.rb": [
        null,
        1,
        null,
        null,
        null,
        null,
        null,
        null,
        1,
        null,
        null,
        1,
        null,
        null,
        null,
        null,
        1,
        null,
        null,
        1,
        null,
        null
      ],
      "/Users/lucasdobbins/Documents/Lucas:Ludere/Spectrum Cranes/Website/V3 Rails/product/config/initializers/formtastic.rb": [
        null,
        null,
        1,
        null,
        null,
        null,
        null,
        null,
        null,
        null,
        null,
        null,
        null,
        null,
        null,
        null,
        null,
        null,
        null,
        null,
        null,
        null,
        null,
        null,
        null,
        null,
        null,
        null,
        null,
        null,
        null,
        null,
        null,
        null,
        null,
        null,
        null,
        null,
        null,
        null,
        null,
        null,
        null,
        null,
        null,
        null,
        null,
        null,
        null,
        null,
        null,
        null,
        null,
        null,
        null,
        null,
        null,
        null,
        null,
        null,
        null,
        null,
        null,
        null,
        null,
        null,
        null,
        null,
        null,
        null,
        null,
        null,
        null,
        null,
        null,
        null,
        null,
        null,
        null,
        null,
        null,
        null,
        null,
        null,
        null
      ],
      "/Users/lucasdobbins/Documents/Lucas:Ludere/Spectrum Cranes/Website/V3 Rails/product/config/initializers/inflections.rb": [
        null,
        null,
        null,
        null,
        null,
        null,
        null,
        null,
        null,
        null
      ],
      "/Users/lucasdobbins/Documents/Lucas:Ludere/Spectrum Cranes/Website/V3 Rails/product/config/initializers/mime_types.rb": [
        null,
        null,
        null,
        null,
        null
      ],
      "/Users/lucasdobbins/Documents/Lucas:Ludere/Spectrum Cranes/Website/V3 Rails/product/config/initializers/secret_token.rb": [
        null,
        null,
        null,
        null,
        null,
        null,
        1
      ],
      "/Users/lucasdobbins/Documents/Lucas:Ludere/Spectrum Cranes/Website/V3 Rails/product/config/initializers/session_store.rb": [
        null,
        null,
        1,
        null,
        null,
        null,
        null,
        null
      ],
      "/Users/lucasdobbins/Documents/Lucas:Ludere/Spectrum Cranes/Website/V3 Rails/product/config/initializers/wrap_parameters.rb": [
        null,
        null,
        null,
        null,
        null,
        null,
        1,
        1,
        null,
        null,
        null,
        1,
        1,
        null
      ],
      "/Users/lucasdobbins/Documents/Lucas:Ludere/Spectrum Cranes/Website/V3 Rails/product/app/controllers/application_controller.rb": [
        1,
        1,
        null,
        1,
        null,
        1,
        0,
        null,
        null,
        1,
        0,
        null,
        null,
        null
      ],
      "/Users/lucasdobbins/Documents/Lucas:Ludere/Spectrum Cranes/Website/V3 Rails/product/app/helpers/application_helper.rb": [
        1,
        null,
        1,
        null,
        1,
        0,
        null,
        null,
        1,
        0,
        0,
        null,
        0,
        null,
        null,
        null,
        1,
        0,
        0,
        null,
        0,
        null,
        null,
        null,
        1,
        0,
        null,
        null,
        1,
        0,
        null,
        null,
        null,
        null
      ],
      "/Users/lucasdobbins/Documents/Lucas:Ludere/Spectrum Cranes/Website/V3 Rails/product/app/helpers/pages_helper.rb": [
        1,
        null
      ],
      "/Users/lucasdobbins/Documents/Lucas:Ludere/Spectrum Cranes/Website/V3 Rails/product/app/helpers/products_helper.rb": [
        1,
        null
      ],
      "/Users/lucasdobbins/Documents/Lucas:Ludere/Spectrum Cranes/Website/V3 Rails/product/app/helpers/products/images_helper.rb": [
        1,
        null
      ],
      "/Users/lucasdobbins/Documents/Lucas:Ludere/Spectrum Cranes/Website/V3 Rails/product/app/helpers/products/specs_helper.rb": [
        1,
        null
      ],
      "/Users/lucasdobbins/Documents/Lucas:Ludere/Spectrum Cranes/Website/V3 Rails/product/app/helpers/products_search_helper.rb": [
        1,
        null
      ],
      "/Users/lucasdobbins/Documents/Lucas:Ludere/Spectrum Cranes/Website/V3 Rails/product/app/helpers/sessions_helper.rb": [
        1,
        null
      ],
      "/Users/lucasdobbins/Documents/Lucas:Ludere/Spectrum Cranes/Website/V3 Rails/product/app/helpers/users_helper.rb": [
        1,
        null
      ],
      "/Users/lucasdobbins/Documents/Lucas:Ludere/Spectrum Cranes/Website/V3 Rails/product/app/controllers/pages_controller.rb": [
        1,
        1,
        null,
        null,
        1,
        null,
        null,
        1,
        null,
        null,
        1,
        null,
        null,
        null
      ],
      "/Users/lucasdobbins/Documents/Lucas:Ludere/Spectrum Cranes/Website/V3 Rails/product/app/controllers/products/image_controller.rb": [
        1,
        1,
        0,
        0,
        0,
        0,
        null,
        0,
        null,
        0,
        null,
        null
      ],
      "/Users/lucasdobbins/Documents/Lucas:Ludere/Spectrum Cranes/Website/V3 Rails/product/app/controllers/products/specs_controller.rb": [
        1,
        1,
        null,
        1,
        0,
        null,
        null,
        1,
        0,
        0,
        0,
        null,
        0,
        null,
        null,
        null,
        1,
        1,
        0,
        null,
        null,
        null
      ],
      "/Users/lucasdobbins/Documents/Lucas:Ludere/Spectrum Cranes/Website/V3 Rails/product/app/models/spec.rb": [
        1,
        1,
        null,
        1,
        null,
        1,
        0,
        null,
        null
      ],
      "/Users/lucasdobbins/Documents/Lucas:Ludere/Spectrum Cranes/Website/V3 Rails/product/app/controllers/products_controller.rb": [
        1,
        1,
        1,
        null,
        1,
        0,
        null,
        null,
        1,
        0,
        null,
        null,
        1,
        0,
        null,
        null,
        1,
        0,
        0,
        0,
        null,
        0,
        0,
        null,
        null,
        null,
        1,
        0,
        0,
        0,
        null,
        0,
        0,
        null,
        null,
        null,
        1,
        0,
        0,
        0,
        null,
        0,
        null,
        null,
        0,
        null,
        null,
        1,
        null,
        1,
        0,
        null,
        null,
        null
      ],
      "/Users/lucasdobbins/Documents/Lucas:Ludere/Spectrum Cranes/Website/V3 Rails/product/app/models/product.rb": [
        1,
        1,
        1,
        1,
        null,
        1,
        null,
        1,
        null,
        1,
        null,
        null,
        null,
        null,
        null,
        null,
        null,
        null,
        1,
        null,
        null,
        null,
        null,
        1,
        null,
        null,
        null
      ],
      "/Users/lucasdobbins/Documents/Lucas:Ludere/Spectrum Cranes/Website/V3 Rails/product/app/controllers/shared/navigation_methods.rb": [
        1,
        1,
        null,
        1,
        null,
        1,
        0,
        null,
        null,
        1,
        0,
        null,
        null,
        null,
        null
      ],
      "/Users/lucasdobbins/Documents/Lucas:Ludere/Spectrum Cranes/Website/V3 Rails/product/app/controllers/products_search_controller.rb": [
        1,
        1,
        null,
        1,
        0,
        0,
        0,
        null,
        0,
        null,
        null,
        null,
        1,
        0,
        0,
        0,
        null,
        0,
        null,
        null,
        null,
        null,
        1,
        null,
        1,
        0,
        null,
        null,
        1,
        0,
        null,
        null,
        null
      ],
      "/Users/lucasdobbins/Documents/Lucas:Ludere/Spectrum Cranes/Website/V3 Rails/product/app/controllers/sessions_controller.rb": [
        1,
        1,
        null,
        null,
        1,
        0,
        0,
        0,
        0,
        null,
        0,
        0,
        null,
        null,
        null,
        1,
        0,
        0,
        null,
        null
      ],
      "/Users/lucasdobbins/Documents/Lucas:Ludere/Spectrum Cranes/Website/V3 Rails/product/app/controllers/users_controller.rb": [
        1,
        null,
        1,
        null,
        null,
        1,
        0,
        null,
        null,
        1,
        0,
        0,
        0,
        null,
        0,
        null,
        null,
        null
      ],
      "/Users/lucasdobbins/Documents/Lucas:Ludere/Spectrum Cranes/Website/V3 Rails/product/app/models/user.rb": [
        1,
        1,
        1,
        null,
        1,
        0,
        null,
        null,
        null
      ],
      "/Users/lucasdobbins/Documents/Lucas:Ludere/Spectrum Cranes/Website/V3 Rails/product/app/models/category.rb": [
        1,
        1,
        1,
        null,
        1,
        2,
        null,
        null,
        null
      ],
      "/Users/lucasdobbins/Documents/Lucas:Ludere/Spectrum Cranes/Website/V3 Rails/product/app/models/sub_category.rb": [
        1,
        1,
        1,
        null
      ],
      "/Users/lucasdobbins/Documents/Lucas:Ludere/Spectrum Cranes/Website/V3 Rails/product/config/routes.rb": [
        1,
        null,
        1,
        1,
        null,
        1,
        null,
        1,
        1,
        1,
        null,
        null,
        null,
        1,
        null,
        1,
        1,
        null,
        1,
        1,
        1,
        null,
        null,
        1,
        1,
        null,
        null,
        null
      ]
    },
    "timestamp": 1332412608
  }
}
